# JRE version: OpenJDK Runtime Environment Temurin-17.0.3+7 (17.0.3+7) (build 17.0.3+7)
# Java VM: OpenJDK 64-Bit Server VM Temurin-17.0.3+7 (17.0.3+7, mixed mode, emulated-client, tiered, compressed oops, compressed class ptrs, g1 gc, windows-amd64)
GC Precious Log:
 CPUs: 12 total, 12 available
 Memory: 14206M
 Large Page Support: Disabled
 NUMA Support: Disabled
 Compressed Oops: Enabled (Zero based)
 Heap Region Size: 2M
 Heap Min Capacity: 8M
 Heap Initial Capacity: 222M
 Heap Max Capacity: 3552M
 Pre-touch: Disabled
 Parallel Workers: 10
 Concurrent Workers: 3
 Concurrent Refinement Workers: 10
 Periodic GC: Disabled
Heap:
 garbage-first heap   total 110592K, used 35139K [0x0000000722000000, 0x0000000800000000)
  region size 2048K, 1 young (2048K), 0 survivors (0K)
 Metaspace       used 52659K, committed 53056K, reserved 1097728K
  class space    used 6969K, committed 7168K, reserved 1048576K
GC Heap History (20 events):
Event: 10417.400 GC heap before
{Heap before GC invocations=859 (full 676):
 garbage-first heap   total 110592K, used 35139K [0x0000000722000000, 0x0000000800000000)
  region size 2048K, 1 young (2048K), 0 survivors (0K)
 Metaspace       used 52659K, committed 53056K, reserved 1097728K
  class space    used 6969K, committed 7168K, reserved 1048576K
}
Event: 10417.441 GC heap after
{Heap after GC invocations=860 (full 677):
 garbage-first heap   total 110592K, used 35139K [0x0000000722000000, 0x0000000800000000)
  region size 2048K, 0 young (0K), 0 survivors (0K)
 Metaspace       used 52659K, committed 53056K, reserved 1097728K
  class space    used 6969K, committed 7168K, reserved 1048576K
}
Event: 10427.567 GC heap before
{Heap before GC invocations=860 (full 677):
 garbage-first heap   total 110592K, used 35139K [0x0000000722000000, 0x0000000800000000)
  region size 2048K, 1 young (2048K), 0 survivors (0K)
 Metaspace       used 52659K, committed 53056K, reserved 1097728K
  class space    used 6969K, committed 7168K, reserved 1048576K
}
Event: 10427.611 GC heap after
{Heap after GC invocations=861 (full 678):
 garbage-first heap   total 110592K, used 35139K [0x0000000722000000, 0x0000000800000000)
  region size 2048K, 0 young (0K), 0 survivors (0K)
 Metaspace       used 52659K, committed 53056K, reserved 1097728K
  class space    used 6969K, committed 7168K, reserved 1048576K
}
Event: 10437.762 GC heap before
{Heap before GC invocations=861 (full 678):
 garbage-first heap   total 110592K, used 35139K [0x0000000722000000, 0x0000000800000000)
  region size 2048K, 1 young (2048K), 0 survivors (0K)
 Metaspace       used 52659K, committed 53056K, reserved 1097728K
  class space    used 6969K, committed 7168K, reserved 1048576K
}
Event: 10437.923 GC heap after
{Heap after GC invocations=862 (full 679):
 garbage-first heap   total 110592K, used 35139K [0x0000000722000000, 0x0000000800000000)
  region size 2048K, 0 young (0K), 0 survivors (0K)
 Metaspace       used 52659K, committed 53056K, reserved 1097728K
  class space    used 6969K, committed 7168K, reserved 1048576K
}
Event: 10448.069 GC heap before
{Heap before GC invocations=862 (full 679):
 garbage-first heap   total 110592K, used 35139K [0x0000000722000000, 0x0000000800000000)
  region size 2048K, 1 young (2048K), 0 survivors (0K)
 Metaspace       used 52659K, committed 53056K, reserved 1097728K
  class space    used 6969K, committed 7168K, reserved 1048576K
}
Event: 10448.110 GC heap after
{Heap after GC invocations=863 (full 680):
 garbage-first heap   total 110592K, used 35139K [0x0000000722000000, 0x0000000800000000)
  region size 2048K, 0 young (0K), 0 survivors (0K)
 Metaspace       used 52659K, committed 53056K, reserved 1097728K
  class space    used 6969K, committed 7168K, reserved 1048576K
}
Event: 10458.270 GC heap before
{Heap before GC invocations=863 (full 680):
 garbage-first heap   total 110592K, used 35139K [0x0000000722000000, 0x0000000800000000)
  region size 2048K, 1 young (2048K), 0 survivors (0K)
 Metaspace       used 52659K, committed 53056K, reserved 1097728K
  class space    used 6969K, committed 7168K, reserved 1048576K
}
Event: 10458.323 GC heap after
{Heap after GC invocations=864 (full 681):
 garbage-first heap   total 110592K, used 35139K [0x0000000722000000, 0x0000000800000000)
  region size 2048K, 0 young (0K), 0 survivors (0K)
 Metaspace       used 52659K, committed 53056K, reserved 1097728K
  class space    used 6969K, committed 7168K, reserved 1048576K
}
Event: 10468.481 GC heap before
{Heap before GC invocations=864 (full 681):
 garbage-first heap   total 110592K, used 35139K [0x0000000722000000, 0x0000000800000000)
  region size 2048K, 1 young (2048K), 0 survivors (0K)
 Metaspace       used 52659K, committed 53056K, reserved 1097728K
  class space    used 6969K, committed 7168K, reserved 1048576K
}
Event: 10468.540 GC heap after
{Heap after GC invocations=865 (full 682):
 garbage-first heap   total 110592K, used 35139K [0x0000000722000000, 0x0000000800000000)
  region size 2048K, 0 young (0K), 0 survivors (0K)
 Metaspace       used 52659K, committed 53056K, reserved 1097728K
  class space    used 6969K, committed 7168K, reserved 1048576K
}
Event: 10478.709 GC heap before
{Heap before GC invocations=865 (full 682):
 garbage-first heap   total 110592K, used 35139K [0x0000000722000000, 0x0000000800000000)
  region size 2048K, 1 young (2048K), 0 survivors (0K)
 Metaspace       used 52659K, committed 53056K, reserved 1097728K
  class space    used 6969K, committed 7168K, reserved 1048576K
}
Event: 10478.754 GC heap after
{Heap after GC invocations=866 (full 683):
 garbage-first heap   total 110592K, used 35139K [0x0000000722000000, 0x0000000800000000)
  region size 2048K, 0 young (0K), 0 survivors (0K)
 Metaspace       used 52659K, committed 53056K, reserved 1097728K
  class space    used 6969K, committed 7168K, reserved 1048576K
}
Event: 10488.906 GC heap before
{Heap before GC invocations=866 (full 683):
 garbage-first heap   total 110592K, used 35139K [0x0000000722000000, 0x0000000800000000)
  region size 2048K, 1 young (2048K), 0 survivors (0K)
 Metaspace       used 52659K, committed 53056K, reserved 1097728K
  class space    used 6969K, committed 7168K, reserved 1048576K
}
Event: 10488.950 GC heap after
{Heap after GC invocations=867 (full 684):
 garbage-first heap   total 110592K, used 35139K [0x0000000722000000, 0x0000000800000000)
  region size 2048K, 0 young (0K), 0 survivors (0K)
 Metaspace       used 52659K, committed 53056K, reserved 1097728K
  class space    used 6969K, committed 7168K, reserved 1048576K
}
Event: 10499.107 GC heap before
{Heap before GC invocations=867 (full 684):
 garbage-first heap   total 110592K, used 35139K [0x0000000722000000, 0x0000000800000000)
  region size 2048K, 1 young (2048K), 0 survivors (0K)
 Metaspace       used 52659K, committed 53056K, reserved 1097728K
  class space    used 6969K, committed 7168K, reserved 1048576K
}
Event: 10499.155 GC heap after
{Heap after GC invocations=868 (full 685):
 garbage-first heap   total 110592K, used 35139K [0x0000000722000000, 0x0000000800000000)
  region size 2048K, 0 young (0K), 0 survivors (0K)
 Metaspace       used 52659K, committed 53056K, reserved 1097728K
  class space    used 6969K, committed 7168K, reserved 1048576K
}
Event: 10509.237 GC heap before
{Heap before GC invocations=868 (full 685):
 garbage-first heap   total 110592K, used 35139K [0x0000000722000000, 0x0000000800000000)
  region size 2048K, 1 young (2048K), 0 survivors (0K)
 Metaspace       used 52659K, committed 53056K, reserved 1097728K
  class space    used 6969K, committed 7168K, reserved 1048576K
}
Event: 10509.267 GC heap after
{Heap after GC invocations=869 (full 686):
 garbage-first heap   total 110592K, used 35139K [0x0000000722000000, 0x0000000800000000)
  region size 2048K, 0 young (0K), 0 survivors (0K)
 Metaspace       used 52659K, committed 53056K, reserved 1097728K
  class space    used 6969K, committed 7168K, reserved 1048576K
}

